cnn.conv0.weight
torch.Size([64, 1, 3, 3])
cnn.conv0.bias
torch.Size([64])
cnn.conv1.weight
torch.Size([128, 64, 3, 3])
cnn.conv1.bias
torch.Size([128])
cnn.conv2.weight
torch.Size([256, 128, 3, 3])
cnn.conv2.bias
torch.Size([256])
cnn.batchnorm2.weight
torch.Size([256])
cnn.batchnorm2.bias
torch.Size([256])
cnn.batchnorm2.running_mean
torch.Size([256])
cnn.batchnorm2.running_var
torch.Size([256])
cnn.conv3.weight
torch.Size([256, 256, 3, 3])
cnn.conv3.bias
torch.Size([256])
cnn.conv4.weight
torch.Size([512, 256, 3, 3])
cnn.conv4.bias
torch.Size([512])
cnn.batchnorm4.weight
torch.Size([512])
cnn.batchnorm4.bias
torch.Size([512])
cnn.batchnorm4.running_mean
torch.Size([512])
cnn.batchnorm4.running_var
torch.Size([512])
cnn.conv5.weight
torch.Size([512, 512, 3, 3])
cnn.conv5.bias
torch.Size([512])
cnn.conv6.weight
torch.Size([512, 512, 2, 2])
cnn.conv6.bias
torch.Size([512])
cnn.batchnorm6.weight
torch.Size([512])
cnn.batchnorm6.bias
torch.Size([512])
cnn.batchnorm6.running_mean
torch.Size([512])
cnn.batchnorm6.running_var
torch.Size([512])
rnn.0.rnn.weight_ih_l0
torch.Size([1024, 512])
rnn.0.rnn.weight_hh_l0
torch.Size([1024, 256])
rnn.0.rnn.bias_ih_l0
torch.Size([1024])
rnn.0.rnn.bias_hh_l0
torch.Size([1024])
rnn.0.rnn.weight_ih_l0_reverse
torch.Size([1024, 512])
rnn.0.rnn.weight_hh_l0_reverse
torch.Size([1024, 256])
rnn.0.rnn.bias_ih_l0_reverse
torch.Size([1024])
rnn.0.rnn.bias_hh_l0_reverse
torch.Size([1024])
rnn.0.embedding.weight
torch.Size([256, 512])
rnn.0.embedding.bias
torch.Size([256])
rnn.1.rnn.weight_ih_l0
torch.Size([1024, 256])
rnn.1.rnn.weight_hh_l0
torch.Size([1024, 256])
rnn.1.rnn.bias_ih_l0
torch.Size([1024])
rnn.1.rnn.bias_hh_l0
torch.Size([1024])
rnn.1.rnn.weight_ih_l0_reverse
torch.Size([1024, 256])
rnn.1.rnn.weight_hh_l0_reverse
torch.Size([1024, 256])
rnn.1.rnn.bias_ih_l0_reverse
torch.Size([1024])
rnn.1.rnn.bias_hh_l0_reverse
torch.Size([1024])
rnn.1.embedding.weight
torch.Size([37, 512])
rnn.1.embedding.bias
torch.Size([37])
