module.embedding_word.lut.weight
torch.Size([7, 512])
module.pe.pe
torch.Size([1, 7000, 512])
module.encoder.conv1.weight
torch.Size([64, 3, 3, 3])
module.encoder.conv1.bias
torch.Size([64])
module.encoder.bn1.weight
torch.Size([64])
module.encoder.bn1.bias
torch.Size([64])
module.encoder.bn1.running_mean
torch.Size([64])
module.encoder.bn1.running_var
torch.Size([64])
module.encoder.bn1.num_batches_tracked
torch.Size([])
module.encoder.conv2.weight
torch.Size([128, 64, 3, 3])
module.encoder.conv2.bias
torch.Size([128])
module.encoder.bn2.weight
torch.Size([128])
module.encoder.bn2.bias
torch.Size([128])
module.encoder.bn2.running_mean
torch.Size([128])
module.encoder.bn2.running_var
torch.Size([128])
module.encoder.bn2.num_batches_tracked
torch.Size([])
module.encoder.layer1.0.conv1.weight
torch.Size([256, 128, 3, 3])
module.encoder.layer1.0.conv1.bias
torch.Size([256])
module.encoder.layer1.0.bn1.weight
torch.Size([256])
module.encoder.layer1.0.bn1.bias
torch.Size([256])
module.encoder.layer1.0.bn1.running_mean
torch.Size([256])
module.encoder.layer1.0.bn1.running_var
torch.Size([256])
module.encoder.layer1.0.bn1.num_batches_tracked
torch.Size([])
module.encoder.layer1.0.conv2.weight
torch.Size([256, 256, 3, 3])
module.encoder.layer1.0.conv2.bias
torch.Size([256])
module.encoder.layer1.0.bn2.weight
torch.Size([256])
module.encoder.layer1.0.bn2.bias
torch.Size([256])
module.encoder.layer1.0.bn2.running_mean
torch.Size([256])
module.encoder.layer1.0.bn2.running_var
torch.Size([256])
module.encoder.layer1.0.bn2.num_batches_tracked
torch.Size([])
module.encoder.layer1.0.downsample.0.weight
torch.Size([256, 128, 3, 3])
module.encoder.layer1.0.downsample.0.bias
torch.Size([256])
module.encoder.layer1.0.downsample.1.weight
torch.Size([256])
module.encoder.layer1.0.downsample.1.bias
torch.Size([256])
module.encoder.layer1.0.downsample.1.running_mean
torch.Size([256])
module.encoder.layer1.0.downsample.1.running_var
torch.Size([256])
module.encoder.layer1.0.downsample.1.num_batches_tracked
torch.Size([])
module.encoder.layer1.1.conv1.weight
torch.Size([256, 256, 3, 3])
module.encoder.layer1.1.conv1.bias
torch.Size([256])
module.encoder.layer1.1.bn1.weight
torch.Size([256])
module.encoder.layer1.1.bn1.bias
torch.Size([256])
module.encoder.layer1.1.bn1.running_mean
torch.Size([256])
module.encoder.layer1.1.bn1.running_var
torch.Size([256])
module.encoder.layer1.1.bn1.num_batches_tracked
torch.Size([])
module.encoder.layer1.1.conv2.weight
torch.Size([256, 256, 3, 3])
module.encoder.layer1.1.conv2.bias
torch.Size([256])
module.encoder.layer1.1.bn2.weight
torch.Size([256])
module.encoder.layer1.1.bn2.bias
torch.Size([256])
module.encoder.layer1.1.bn2.running_mean
torch.Size([256])
module.encoder.layer1.1.bn2.running_var
torch.Size([256])
module.encoder.layer1.1.bn2.num_batches_tracked
torch.Size([])
module.encoder.layer1.2.conv1.weight
torch.Size([256, 256, 3, 3])
module.encoder.layer1.2.conv1.bias
torch.Size([256])
module.encoder.layer1.2.bn1.weight
torch.Size([256])
module.encoder.layer1.2.bn1.bias
torch.Size([256])
module.encoder.layer1.2.bn1.running_mean
torch.Size([256])
module.encoder.layer1.2.bn1.running_var
torch.Size([256])
module.encoder.layer1.2.bn1.num_batches_tracked
torch.Size([])
module.encoder.layer1.2.conv2.weight
torch.Size([256, 256, 3, 3])
module.encoder.layer1.2.conv2.bias
torch.Size([256])
module.encoder.layer1.2.bn2.weight
torch.Size([256])
module.encoder.layer1.2.bn2.bias
torch.Size([256])
module.encoder.layer1.2.bn2.running_mean
torch.Size([256])
module.encoder.layer1.2.bn2.running_var
torch.Size([256])
module.encoder.layer1.2.bn2.num_batches_tracked
torch.Size([])
module.encoder.layer1_conv.weight
torch.Size([256, 256, 3, 3])
module.encoder.layer1_conv.bias
torch.Size([256])
module.encoder.layer1_bn.weight
torch.Size([256])
module.encoder.layer1_bn.bias
torch.Size([256])
module.encoder.layer1_bn.running_mean
torch.Size([256])
module.encoder.layer1_bn.running_var
torch.Size([256])
module.encoder.layer1_bn.num_batches_tracked
torch.Size([])
module.encoder.layer2.0.conv1.weight
torch.Size([256, 256, 3, 3])
module.encoder.layer2.0.conv1.bias
torch.Size([256])
module.encoder.layer2.0.bn1.weight
torch.Size([256])
module.encoder.layer2.0.bn1.bias
torch.Size([256])
module.encoder.layer2.0.bn1.running_mean
torch.Size([256])
module.encoder.layer2.0.bn1.running_var
torch.Size([256])
module.encoder.layer2.0.bn1.num_batches_tracked
torch.Size([])
module.encoder.layer2.0.conv2.weight
torch.Size([256, 256, 3, 3])
module.encoder.layer2.0.conv2.bias
torch.Size([256])
module.encoder.layer2.0.bn2.weight
torch.Size([256])
module.encoder.layer2.0.bn2.bias
torch.Size([256])
module.encoder.layer2.0.bn2.running_mean
torch.Size([256])
module.encoder.layer2.0.bn2.running_var
torch.Size([256])
module.encoder.layer2.0.bn2.num_batches_tracked
torch.Size([])
module.encoder.layer2.1.conv1.weight
torch.Size([256, 256, 3, 3])
module.encoder.layer2.1.conv1.bias
torch.Size([256])
module.encoder.layer2.1.bn1.weight
torch.Size([256])
module.encoder.layer2.1.bn1.bias
torch.Size([256])
module.encoder.layer2.1.bn1.running_mean
torch.Size([256])
module.encoder.layer2.1.bn1.running_var
torch.Size([256])
module.encoder.layer2.1.bn1.num_batches_tracked
torch.Size([])
module.encoder.layer2.1.conv2.weight
torch.Size([256, 256, 3, 3])
module.encoder.layer2.1.conv2.bias
torch.Size([256])
module.encoder.layer2.1.bn2.weight
torch.Size([256])
module.encoder.layer2.1.bn2.bias
torch.Size([256])
module.encoder.layer2.1.bn2.running_mean
torch.Size([256])
module.encoder.layer2.1.bn2.running_var
torch.Size([256])
module.encoder.layer2.1.bn2.num_batches_tracked
torch.Size([])
module.encoder.layer2.2.conv1.weight
torch.Size([256, 256, 3, 3])
module.encoder.layer2.2.conv1.bias
torch.Size([256])
module.encoder.layer2.2.bn1.weight
torch.Size([256])
module.encoder.layer2.2.bn1.bias
torch.Size([256])
module.encoder.layer2.2.bn1.running_mean
torch.Size([256])
module.encoder.layer2.2.bn1.running_var
torch.Size([256])
module.encoder.layer2.2.bn1.num_batches_tracked
torch.Size([])
module.encoder.layer2.2.conv2.weight
torch.Size([256, 256, 3, 3])
module.encoder.layer2.2.conv2.bias
torch.Size([256])
module.encoder.layer2.2.bn2.weight
torch.Size([256])
module.encoder.layer2.2.bn2.bias
torch.Size([256])
module.encoder.layer2.2.bn2.running_mean
torch.Size([256])
module.encoder.layer2.2.bn2.running_var
torch.Size([256])
module.encoder.layer2.2.bn2.num_batches_tracked
torch.Size([])
module.encoder.layer2.3.conv1.weight
torch.Size([256, 256, 3, 3])
module.encoder.layer2.3.conv1.bias
torch.Size([256])
module.encoder.layer2.3.bn1.weight
torch.Size([256])
module.encoder.layer2.3.bn1.bias
torch.Size([256])
module.encoder.layer2.3.bn1.running_mean
torch.Size([256])
module.encoder.layer2.3.bn1.running_var
torch.Size([256])
module.encoder.layer2.3.bn1.num_batches_tracked
torch.Size([])
module.encoder.layer2.3.conv2.weight
torch.Size([256, 256, 3, 3])
module.encoder.layer2.3.conv2.bias
torch.Size([256])
module.encoder.layer2.3.bn2.weight
torch.Size([256])
module.encoder.layer2.3.bn2.bias
torch.Size([256])
module.encoder.layer2.3.bn2.running_mean
torch.Size([256])
module.encoder.layer2.3.bn2.running_var
torch.Size([256])
module.encoder.layer2.3.bn2.num_batches_tracked
torch.Size([])
module.encoder.layer2_conv.weight
torch.Size([256, 256, 3, 3])
module.encoder.layer2_conv.bias
torch.Size([256])
module.encoder.layer2_bn.weight
torch.Size([256])
module.encoder.layer2_bn.bias
torch.Size([256])
module.encoder.layer2_bn.running_mean
torch.Size([256])
module.encoder.layer2_bn.running_var
torch.Size([256])
module.encoder.layer2_bn.num_batches_tracked
torch.Size([])
module.encoder.layer3.0.conv1.weight
torch.Size([512, 256, 3, 3])
module.encoder.layer3.0.conv1.bias
torch.Size([512])
module.encoder.layer3.0.bn1.weight
torch.Size([512])
module.encoder.layer3.0.bn1.bias
torch.Size([512])
module.encoder.layer3.0.bn1.running_mean
torch.Size([512])
module.encoder.layer3.0.bn1.running_var
torch.Size([512])
module.encoder.layer3.0.bn1.num_batches_tracked
torch.Size([])
module.encoder.layer3.0.conv2.weight
torch.Size([512, 512, 3, 3])
module.encoder.layer3.0.conv2.bias
torch.Size([512])
module.encoder.layer3.0.bn2.weight
torch.Size([512])
module.encoder.layer3.0.bn2.bias
torch.Size([512])
module.encoder.layer3.0.bn2.running_mean
torch.Size([512])
module.encoder.layer3.0.bn2.running_var
torch.Size([512])
module.encoder.layer3.0.bn2.num_batches_tracked
torch.Size([])
module.encoder.layer3.0.downsample.0.weight
torch.Size([512, 256, 3, 3])
module.encoder.layer3.0.downsample.0.bias
torch.Size([512])
module.encoder.layer3.0.downsample.1.weight
torch.Size([512])
module.encoder.layer3.0.downsample.1.bias
torch.Size([512])
module.encoder.layer3.0.downsample.1.running_mean
torch.Size([512])
module.encoder.layer3.0.downsample.1.running_var
torch.Size([512])
module.encoder.layer3.0.downsample.1.num_batches_tracked
torch.Size([])
module.encoder.layer3.1.conv1.weight
torch.Size([512, 512, 3, 3])
module.encoder.layer3.1.conv1.bias
torch.Size([512])
module.encoder.layer3.1.bn1.weight
torch.Size([512])
module.encoder.layer3.1.bn1.bias
torch.Size([512])
module.encoder.layer3.1.bn1.running_mean
torch.Size([512])
module.encoder.layer3.1.bn1.running_var
torch.Size([512])
module.encoder.layer3.1.bn1.num_batches_tracked
torch.Size([])
module.encoder.layer3.1.conv2.weight
torch.Size([512, 512, 3, 3])
module.encoder.layer3.1.conv2.bias
torch.Size([512])
module.encoder.layer3.1.bn2.weight
torch.Size([512])
module.encoder.layer3.1.bn2.bias
torch.Size([512])
module.encoder.layer3.1.bn2.running_mean
torch.Size([512])
module.encoder.layer3.1.bn2.running_var
torch.Size([512])
module.encoder.layer3.1.bn2.num_batches_tracked
torch.Size([])
module.encoder.layer3.2.conv1.weight
torch.Size([512, 512, 3, 3])
module.encoder.layer3.2.conv1.bias
torch.Size([512])
module.encoder.layer3.2.bn1.weight
torch.Size([512])
module.encoder.layer3.2.bn1.bias
torch.Size([512])
module.encoder.layer3.2.bn1.running_mean
torch.Size([512])
module.encoder.layer3.2.bn1.running_var
torch.Size([512])
module.encoder.layer3.2.bn1.num_batches_tracked
torch.Size([])
module.encoder.layer3.2.conv2.weight
torch.Size([512, 512, 3, 3])
module.encoder.layer3.2.conv2.bias
torch.Size([512])
module.encoder.layer3.2.bn2.weight
torch.Size([512])
module.encoder.layer3.2.bn2.bias
torch.Size([512])
module.encoder.layer3.2.bn2.running_mean
torch.Size([512])
module.encoder.layer3.2.bn2.running_var
torch.Size([512])
module.encoder.layer3.2.bn2.num_batches_tracked
torch.Size([])
module.encoder.layer3.3.conv1.weight
torch.Size([512, 512, 3, 3])
module.encoder.layer3.3.conv1.bias
torch.Size([512])
module.encoder.layer3.3.bn1.weight
torch.Size([512])
module.encoder.layer3.3.bn1.bias
torch.Size([512])
module.encoder.layer3.3.bn1.running_mean
torch.Size([512])
module.encoder.layer3.3.bn1.running_var
torch.Size([512])
module.encoder.layer3.3.bn1.num_batches_tracked
torch.Size([])
module.encoder.layer3.3.conv2.weight
torch.Size([512, 512, 3, 3])
module.encoder.layer3.3.conv2.bias
torch.Size([512])
module.encoder.layer3.3.bn2.weight
torch.Size([512])
module.encoder.layer3.3.bn2.bias
torch.Size([512])
module.encoder.layer3.3.bn2.running_mean
torch.Size([512])
module.encoder.layer3.3.bn2.running_var
torch.Size([512])
module.encoder.layer3.3.bn2.num_batches_tracked
torch.Size([])
module.encoder.layer3.4.conv1.weight
torch.Size([512, 512, 3, 3])
module.encoder.layer3.4.conv1.bias
torch.Size([512])
module.encoder.layer3.4.bn1.weight
torch.Size([512])
module.encoder.layer3.4.bn1.bias
torch.Size([512])
module.encoder.layer3.4.bn1.running_mean
torch.Size([512])
module.encoder.layer3.4.bn1.running_var
torch.Size([512])
module.encoder.layer3.4.bn1.num_batches_tracked
torch.Size([])
module.encoder.layer3.4.conv2.weight
torch.Size([512, 512, 3, 3])
module.encoder.layer3.4.conv2.bias
torch.Size([512])
module.encoder.layer3.4.bn2.weight
torch.Size([512])
module.encoder.layer3.4.bn2.bias
torch.Size([512])
module.encoder.layer3.4.bn2.running_mean
torch.Size([512])
module.encoder.layer3.4.bn2.running_var
torch.Size([512])
module.encoder.layer3.4.bn2.num_batches_tracked
torch.Size([])
module.encoder.layer3.5.conv1.weight
torch.Size([512, 512, 3, 3])
module.encoder.layer3.5.conv1.bias
torch.Size([512])
module.encoder.layer3.5.bn1.weight
torch.Size([512])
module.encoder.layer3.5.bn1.bias
torch.Size([512])
module.encoder.layer3.5.bn1.running_mean
torch.Size([512])
module.encoder.layer3.5.bn1.running_var
torch.Size([512])
module.encoder.layer3.5.bn1.num_batches_tracked
torch.Size([])
module.encoder.layer3.5.conv2.weight
torch.Size([512, 512, 3, 3])
module.encoder.layer3.5.conv2.bias
torch.Size([512])
module.encoder.layer3.5.bn2.weight
torch.Size([512])
module.encoder.layer3.5.bn2.bias
torch.Size([512])
module.encoder.layer3.5.bn2.running_mean
torch.Size([512])
module.encoder.layer3.5.bn2.running_var
torch.Size([512])
module.encoder.layer3.5.bn2.num_batches_tracked
torch.Size([])
module.encoder.layer3_conv.weight
torch.Size([512, 512, 3, 3])
module.encoder.layer3_conv.bias
torch.Size([512])
module.encoder.layer3_bn.weight
torch.Size([512])
module.encoder.layer3_bn.bias
torch.Size([512])
module.encoder.layer3_bn.running_mean
torch.Size([512])
module.encoder.layer3_bn.running_var
torch.Size([512])
module.encoder.layer3_bn.num_batches_tracked
torch.Size([])
module.encoder.layer4.0.conv1.weight
torch.Size([512, 512, 3, 3])
module.encoder.layer4.0.conv1.bias
torch.Size([512])
module.encoder.layer4.0.bn1.weight
torch.Size([512])
module.encoder.layer4.0.bn1.bias
torch.Size([512])
module.encoder.layer4.0.bn1.running_mean
torch.Size([512])
module.encoder.layer4.0.bn1.running_var
torch.Size([512])
module.encoder.layer4.0.bn1.num_batches_tracked
torch.Size([])
module.encoder.layer4.0.conv2.weight
torch.Size([512, 512, 3, 3])
module.encoder.layer4.0.conv2.bias
torch.Size([512])
module.encoder.layer4.0.bn2.weight
torch.Size([512])
module.encoder.layer4.0.bn2.bias
torch.Size([512])
module.encoder.layer4.0.bn2.running_mean
torch.Size([512])
module.encoder.layer4.0.bn2.running_var
torch.Size([512])
module.encoder.layer4.0.bn2.num_batches_tracked
torch.Size([])
module.encoder.layer4.1.conv1.weight
torch.Size([512, 512, 3, 3])
module.encoder.layer4.1.conv1.bias
torch.Size([512])
module.encoder.layer4.1.bn1.weight
torch.Size([512])
module.encoder.layer4.1.bn1.bias
torch.Size([512])
module.encoder.layer4.1.bn1.running_mean
torch.Size([512])
module.encoder.layer4.1.bn1.running_var
torch.Size([512])
module.encoder.layer4.1.bn1.num_batches_tracked
torch.Size([])
module.encoder.layer4.1.conv2.weight
torch.Size([512, 512, 3, 3])
module.encoder.layer4.1.conv2.bias
torch.Size([512])
module.encoder.layer4.1.bn2.weight
torch.Size([512])
module.encoder.layer4.1.bn2.bias
torch.Size([512])
module.encoder.layer4.1.bn2.running_mean
torch.Size([512])
module.encoder.layer4.1.bn2.running_var
torch.Size([512])
module.encoder.layer4.1.bn2.num_batches_tracked
torch.Size([])
module.encoder.layer4.2.conv1.weight
torch.Size([512, 512, 3, 3])
module.encoder.layer4.2.conv1.bias
torch.Size([512])
module.encoder.layer4.2.bn1.weight
torch.Size([512])
module.encoder.layer4.2.bn1.bias
torch.Size([512])
module.encoder.layer4.2.bn1.running_mean
torch.Size([512])
module.encoder.layer4.2.bn1.running_var
torch.Size([512])
module.encoder.layer4.2.bn1.num_batches_tracked
torch.Size([])
module.encoder.layer4.2.conv2.weight
torch.Size([512, 512, 3, 3])
module.encoder.layer4.2.conv2.bias
torch.Size([512])
module.encoder.layer4.2.bn2.weight
torch.Size([512])
module.encoder.layer4.2.bn2.bias
torch.Size([512])
module.encoder.layer4.2.bn2.running_mean
torch.Size([512])
module.encoder.layer4.2.bn2.running_var
torch.Size([512])
module.encoder.layer4.2.bn2.num_batches_tracked
torch.Size([])
module.encoder.layer4_conv2.weight
torch.Size([1024, 512, 3, 3])
module.encoder.layer4_conv2.bias
torch.Size([1024])
module.encoder.layer4_conv2_bn.weight
torch.Size([1024])
module.encoder.layer4_conv2_bn.bias
torch.Size([1024])
module.encoder.layer4_conv2_bn.running_mean
torch.Size([1024])
module.encoder.layer4_conv2_bn.running_var
torch.Size([1024])
module.encoder.layer4_conv2_bn.num_batches_tracked
torch.Size([])
module.decoder.mask_multihead.linears.0.weight
torch.Size([1024, 1024])
module.decoder.mask_multihead.linears.0.bias
torch.Size([1024])
module.decoder.mask_multihead.linears.1.weight
torch.Size([1024, 1024])
module.decoder.mask_multihead.linears.1.bias
torch.Size([1024])
module.decoder.mask_multihead.linears.2.weight
torch.Size([1024, 1024])
module.decoder.mask_multihead.linears.2.bias
torch.Size([1024])
module.decoder.mask_multihead.linears.3.weight
torch.Size([1024, 1024])
module.decoder.mask_multihead.linears.3.bias
torch.Size([1024])
module.decoder.mask_multihead.compress_attention_linear.weight
torch.Size([1, 4])
module.decoder.mask_multihead.compress_attention_linear.bias
torch.Size([1])
module.decoder.mul_layernorm1.a_2
torch.Size([1024])
module.decoder.mul_layernorm1.b_2
torch.Size([1024])
module.decoder.multihead.linears.0.weight
torch.Size([1024, 1024])
module.decoder.multihead.linears.0.bias
torch.Size([1024])
module.decoder.multihead.linears.1.weight
torch.Size([1024, 1024])
module.decoder.multihead.linears.1.bias
torch.Size([1024])
module.decoder.multihead.linears.2.weight
torch.Size([1024, 1024])
module.decoder.multihead.linears.2.bias
torch.Size([1024])
module.decoder.multihead.linears.3.weight
torch.Size([1024, 1024])
module.decoder.multihead.linears.3.bias
torch.Size([1024])
module.decoder.multihead.compress_attention_linear.weight
torch.Size([1, 4])
module.decoder.multihead.compress_attention_linear.bias
torch.Size([1])
module.decoder.mul_layernorm2.a_2
torch.Size([1024])
module.decoder.mul_layernorm2.b_2
torch.Size([1024])
module.decoder.pff.w_1.weight
torch.Size([2048, 1024])
module.decoder.pff.w_1.bias
torch.Size([2048])
module.decoder.pff.w_2.weight
torch.Size([1024, 2048])
module.decoder.pff.w_2.bias
torch.Size([1024])
module.decoder.mul_layernorm3.a_2
torch.Size([1024])
module.decoder.mul_layernorm3.b_2
torch.Size([1024])
module.generator_word.proj.weight
torch.Size([7, 1024])
module.generator_word.proj.bias
torch.Size([7])
